==============================================================================
dispatchRobot                                                                 
==============================================================================
dispatchRobot.主流程                                                          
==============================================================================
1、三台车手动进站获取排班 :: 用例结束后，浏览器回到简图调度主frame... | PASS |
------------------------------------------------------------------------------
2、对调车位和车辆插队 :: 调试车辆插队和车辆对调功能                   | FAIL |
List '@{varLst}' has no item in index 1.
------------------------------------------------------------------------------
3、申请非运营指令同意后排班在简图和字轨表和待执行记录是否会取消 ::... | FAIL |
Element with locator 'id=iframe_tab_BsBusdiagarm-Maplist-417768025' not found.
------------------------------------------------------------------------------
4、计划调整正确更改排班时间 :: 1.robot4车进站获取到排班时间 2.进入... | FAIL |
ElementNotInteractableException: Message: element not interactable
  (Session info: chrome=85.0.4183.83)
------------------------------------------------------------------------------
5、司机刷卡获取排班时间通知 :: 司机刷卡获取排班通知                   | FAIL |
Element with locator 'xpath=//span[contains(text(),"37路100")]' not found.
------------------------------------------------------------------------------
6、获取的排班时间能否下发到主机 :: 1、车辆上传GPS进总站，获取到排...  | FAIL |
Element with locator 'xpath=//span[contains(text(),"37路100")]' not found.
------------------------------------------------------------------------------
dispatchRobot.主流程                                                  | FAIL |
6 critical tests, 1 passed, 5 failed
6 tests total, 1 passed, 5 failed
==============================================================================
dispatchRobot                                                         | FAIL |
6 critical tests, 1 passed, 5 failed
6 tests total, 1 passed, 5 failed
==============================================================================
Output:  D:\Study\robotframework\testProject\pabot_results\0\output.xml
