2020-12-19 16:11:42,447 INFO o.a.j.u.JMeterUtils: Setting Locale to en_EN
2020-12-19 16:11:42,459 INFO o.a.j.JMeter: Loading user properties from: D:\test_tools\apache-jmeter-5.2.1\apache-jmeter-5.2.1\apache-jmeter-5.2.1\bin\user.properties
2020-12-19 16:11:42,459 INFO o.a.j.JMeter: Loading system properties from: D:\test_tools\apache-jmeter-5.2.1\apache-jmeter-5.2.1\apache-jmeter-5.2.1\bin\system.properties
2020-12-19 16:11:42,460 INFO o.a.j.JMeter: Copyright (c) 1998-2019 The Apache Software Foundation
2020-12-19 16:11:42,460 INFO o.a.j.JMeter: Version 5.2.1
2020-12-19 16:11:42,460 INFO o.a.j.JMeter: java.version=1.8.0_102
2020-12-19 16:11:42,460 INFO o.a.j.JMeter: java.vm.name=Java HotSpot(TM) Client VM
2020-12-19 16:11:42,460 INFO o.a.j.JMeter: os.name=Windows 10
2020-12-19 16:11:42,469 INFO o.a.j.JMeter: os.arch=x86
2020-12-19 16:11:42,469 INFO o.a.j.JMeter: os.version=10.0
2020-12-19 16:11:42,469 INFO o.a.j.JMeter: file.encoding=GBK
2020-12-19 16:11:42,469 INFO o.a.j.JMeter: java.awt.headless=true
2020-12-19 16:11:42,469 INFO o.a.j.JMeter: Max memory     =1073741824
2020-12-19 16:11:42,470 INFO o.a.j.JMeter: Available Processors =6
2020-12-19 16:11:42,473 INFO o.a.j.JMeter: Default Locale=English (EN)
2020-12-19 16:11:42,473 INFO o.a.j.JMeter: JMeter  Locale=English (EN)
2020-12-19 16:11:42,473 INFO o.a.j.JMeter: JMeterHome=D:\test_tools\apache-jmeter-5.2.1\apache-jmeter-5.2.1\apache-jmeter-5.2.1
2020-12-19 16:11:42,474 INFO o.a.j.JMeter: user.dir  =D:\Study\robotframework\testProject\dispatchRobot
2020-12-19 16:11:42,474 INFO o.a.j.JMeter: PWD       =D:\Study\robotframework\testProject\dispatchRobot
2020-12-19 16:11:42,478 INFO o.a.j.JMeter: IP: 10.200.10.210 Name: LAPTOP-GL05NAQV FullName: LAPTOP-GL05NAQV
2020-12-19 16:11:42,480 INFO o.a.j.JMeter: Setting property 'jmeter.reportgenerator.outputdir' to:'D:\test_tools\apache-jmeter-5.2.1\apache-jmeter-5.2.1\testCase\dispathSys\noUITest\test.html'
2020-12-19 16:11:42,482 INFO o.a.j.s.FileServer: Default base='D:\Study\robotframework\testProject\dispatchRobot'
2020-12-19 16:11:42,485 INFO o.a.j.s.FileServer: Set new base='D:\test_tools\apache-jmeter-5.2.1\apache-jmeter-5.2.1\testCase\dispathSys\noUITest\scripts'
2020-12-19 16:11:42,589 INFO o.a.j.s.SaveService: Testplan (JMX) version: 2.2. Testlog (JTL) version: 2.2
2020-12-19 16:11:42,594 INFO o.a.j.s.SaveService: Using SaveService properties file encoding UTF-8
2020-12-19 16:11:42,597 INFO o.a.j.s.SaveService: Using SaveService properties version 5.0
2020-12-19 16:11:42,603 INFO o.a.j.s.SaveService: Loading file: D:\test_tools\apache-jmeter-5.2.1\apache-jmeter-5.2.1\testCase\dispathSys\noUITest\scripts\funcTest_8047.jmx
2020-12-19 16:11:42,661 INFO o.a.j.p.h.c.CookieManager: Settings: Delete null: true Check: true Allow variable: true Save: true Prefix: COOKIE_
2020-12-19 16:11:42,675 INFO o.a.j.p.h.s.HTTPSamplerBase: Parser for text/html is org.apache.jmeter.protocol.http.parser.LagartoBasedHtmlParser
2020-12-19 16:11:42,675 INFO o.a.j.p.h.s.HTTPSamplerBase: Parser for application/xhtml+xml is org.apache.jmeter.protocol.http.parser.LagartoBasedHtmlParser
2020-12-19 16:11:42,675 INFO o.a.j.p.h.s.HTTPSamplerBase: Parser for application/xml is org.apache.jmeter.protocol.http.parser.LagartoBasedHtmlParser
2020-12-19 16:11:42,675 INFO o.a.j.p.h.s.HTTPSamplerBase: Parser for text/xml is org.apache.jmeter.protocol.http.parser.LagartoBasedHtmlParser
2020-12-19 16:11:42,676 INFO o.a.j.p.h.s.HTTPSamplerBase: Parser for text/vnd.wap.wml is org.apache.jmeter.protocol.http.parser.RegexpHTMLParser
2020-12-19 16:11:42,676 INFO o.a.j.p.h.s.HTTPSamplerBase: Parser for text/css is org.apache.jmeter.protocol.http.parser.CssParser
2020-12-19 16:11:42,815 INFO o.a.j.JMeter: Creating summariser <summary>
2020-12-19 16:11:42,822 INFO o.a.j.r.d.ReportGenerator: ReportGenerator will use for Parsing the separator: ','
2020-12-19 16:11:42,823 INFO o.a.j.r.d.ReportGenerator: Will generate report at end of test from  results file: D:\test_tools\apache-jmeter-5.2.1\apache-jmeter-5.2.1\testCase\dispathSys\noUITest\result.txt
2020-12-19 16:11:42,823 INFO o.a.j.r.d.ReportGenerator: Reading report generator properties from: D:\test_tools\apache-jmeter-5.2.1\apache-jmeter-5.2.1\apache-jmeter-5.2.1\bin\reportgenerator.properties
2020-12-19 16:11:42,823 INFO o.a.j.r.d.ReportGenerator: Merging with JMeter properties
2020-12-19 16:11:42,828 INFO o.a.j.r.c.ReportGeneratorConfiguration: Property 'jmeter.reportgenerator.temp_dir' not found, using default value 'temp' instead.
2020-12-19 16:11:42,830 INFO o.a.j.r.c.ReportGeneratorConfiguration: Property 'jmeter.reportgenerator.apdex_per_transaction' not found, using default value 'null' instead.
2020-12-19 16:11:42,830 INFO o.a.j.r.c.ReportGeneratorConfiguration: apdex_per_transaction is empty, not APDEX per transaction customization
2020-12-19 16:11:42,830 INFO o.a.j.r.c.ReportGeneratorConfiguration: Property 'jmeter.reportgenerator.sample_filter' not found, using default value 'null' instead.
2020-12-19 16:11:42,830 INFO o.a.j.r.c.ReportGeneratorConfiguration: Property 'jmeter.reportgenerator.report_title' not found, using default value 'null' instead.
2020-12-19 16:11:42,830 INFO o.a.j.r.c.ReportGeneratorConfiguration: Property 'jmeter.reportgenerator.start_date' not found, using default value 'null' instead.
2020-12-19 16:11:42,830 INFO o.a.j.r.c.ReportGeneratorConfiguration: Property 'jmeter.reportgenerator.end_date' not found, using default value 'null' instead.
2020-12-19 16:11:42,830 INFO o.a.j.r.c.ReportGeneratorConfiguration: Property 'jmeter.reportgenerator.date_format' not found, using default value 'null' instead.
2020-12-19 16:11:42,831 INFO o.a.j.r.c.ReportGeneratorConfiguration: Will use date range start date: null, end date: null
2020-12-19 16:11:42,835 INFO o.a.j.r.c.ReportGeneratorConfiguration: Property 'jmeter.reportgenerator.graph.totalTPS.exclude_controllers' not found, using default value 'false' instead.
2020-12-19 16:11:42,836 INFO o.a.j.r.c.ReportGeneratorConfiguration: Property 'jmeter.reportgenerator.graph.activeThreadsOverTime.exclude_controllers' not found, using default value 'false' instead.
2020-12-19 16:11:42,836 INFO o.a.j.r.c.ReportGeneratorConfiguration: Property 'jmeter.reportgenerator.graph.timeVsThreads.exclude_controllers' not found, using default value 'false' instead.
2020-12-19 16:11:42,837 INFO o.a.j.r.c.ReportGeneratorConfiguration: Property 'jmeter.reportgenerator.graph.responseTimeDistribution.exclude_controllers' not found, using default value 'false' instead.
2020-12-19 16:11:42,837 INFO o.a.j.r.c.ReportGeneratorConfiguration: Property 'jmeter.reportgenerator.graph.transactionsPerSecond.exclude_controllers' not found, using default value 'false' instead.
2020-12-19 16:11:42,837 INFO o.a.j.r.c.ReportGeneratorConfiguration: Property 'jmeter.reportgenerator.graph.responseTimePercentiles.exclude_controllers' not found, using default value 'false' instead.
2020-12-19 16:11:42,837 INFO o.a.j.r.c.ReportGeneratorConfiguration: Property 'jmeter.reportgenerator.graph.responseTimePercentilesOverTime.exclude_controllers' not found, using default value 'false' instead.
2020-12-19 16:11:42,837 INFO o.a.j.r.c.ReportGeneratorConfiguration: Property 'jmeter.reportgenerator.graph.responseTimesOverTime.exclude_controllers' not found, using default value 'false' instead.
2020-12-19 16:11:42,838 INFO o.a.j.r.c.ReportGeneratorConfiguration: Property 'jmeter.reportgenerator.graph.connectTimeOverTime.exclude_controllers' not found, using default value 'false' instead.
2020-12-19 16:11:42,838 INFO o.a.j.r.c.ReportGeneratorConfiguration: Property 'jmeter.reportgenerator.graph.latenciesOverTime.exclude_controllers' not found, using default value 'false' instead.
2020-12-19 16:11:42,839 INFO o.a.j.r.c.ReportGeneratorConfiguration: Property 'jmeter.reportgenerator.exporter.json.filters_only_sample_series' not found, using default value 'true' instead.
2020-12-19 16:11:42,839 INFO o.a.j.r.c.ReportGeneratorConfiguration: Property 'jmeter.reportgenerator.exporter.json.series_filter' not found, using default value '' instead.
2020-12-19 16:11:42,839 INFO o.a.j.r.c.ReportGeneratorConfiguration: Property 'jmeter.reportgenerator.exporter.json.show_controllers_only' not found, using default value 'false' instead.
2020-12-19 16:11:42,839 INFO o.a.j.r.c.ReportGeneratorConfiguration: Property 'jmeter.reportgenerator.exporter.html.filters_only_sample_series' not found, using default value 'true' instead.
2020-12-19 16:11:42,839 INFO o.a.j.r.c.ReportGeneratorConfiguration: Property 'jmeter.reportgenerator.exporter.html.series_filter' not found, using default value '' instead.
2020-12-19 16:11:42,839 INFO o.a.j.r.c.ReportGeneratorConfiguration: Property 'jmeter.reportgenerator.exporter.html.show_controllers_only' not found, using default value 'false' instead.
2020-12-19 16:11:42,844 INFO o.a.j.e.StandardJMeterEngine: Running the test!
2020-12-19 16:11:42,844 INFO o.a.j.s.SampleEvent: List of sample_variables: []
2020-12-19 16:11:42,844 INFO o.a.j.s.SampleEvent: List of sample_variables: []
2020-12-19 16:11:42,848 INFO o.a.j.e.u.CompoundVariable: Note: Function class names must contain the string: '.functions.'
2020-12-19 16:11:42,848 INFO o.a.j.e.u.CompoundVariable: Note: Function class names must not contain the string: '.gui.'
2020-12-19 16:11:43,103 INFO o.a.j.t.TestPlan: added C:\Users\xiaofeng\Desktop\test\0402\AppendFile.jar to classpath
2020-12-19 16:11:43,131 INFO o.a.j.JMeter: Running test (1608365503131)
2020-12-19 16:11:43,168 INFO o.a.j.e.StandardJMeterEngine: Starting ThreadGroup: 1 : pageservice
2020-12-19 16:11:43,168 INFO o.a.j.e.StandardJMeterEngine: Starting 1 threads for group pageservice.
2020-12-19 16:11:43,168 INFO o.a.j.e.StandardJMeterEngine: Thread will continue on error
2020-12-19 16:11:43,168 INFO o.a.j.t.ThreadGroup: Starting thread group... number=1 threads=1 ramp-up=1 delayedStart=false
2020-12-19 16:11:43,175 INFO o.a.j.t.ThreadGroup: Started thread group number 1
2020-12-19 16:11:43,175 INFO o.a.j.e.StandardJMeterEngine: Starting ThreadGroup: 2 : webservice
2020-12-19 16:11:43,175 INFO o.a.j.e.StandardJMeterEngine: Starting 1 threads for group webservice.
2020-12-19 16:11:43,175 INFO o.a.j.e.StandardJMeterEngine: Thread will continue on error
2020-12-19 16:11:43,175 INFO o.a.j.t.ThreadGroup: Starting thread group... number=2 threads=1 ramp-up=1 delayedStart=false
2020-12-19 16:11:43,176 INFO o.a.j.t.ThreadGroup: Started thread group number 2
2020-12-19 16:11:43,176 INFO o.a.j.e.StandardJMeterEngine: Starting ThreadGroup: 3 : pagesevice_bsdiagram
2020-12-19 16:11:43,176 INFO o.a.j.e.StandardJMeterEngine: Starting 1 threads for group pagesevice_bsdiagram.
2020-12-19 16:11:43,176 INFO o.a.j.e.StandardJMeterEngine: Thread will continue on error
2020-12-19 16:11:43,176 INFO o.a.j.t.ThreadGroup: Starting thread group... number=3 threads=1 ramp-up=1 delayedStart=false
2020-12-19 16:11:43,177 INFO o.a.j.t.ThreadGroup: Started thread group number 3
2020-12-19 16:11:43,177 INFO o.a.j.e.StandardJMeterEngine: Starting ThreadGroup: 4 : pageservice_reporPage
2020-12-19 16:11:43,177 INFO o.a.j.e.StandardJMeterEngine: Starting 1 threads for group pageservice_reporPage.
2020-12-19 16:11:43,177 INFO o.a.j.e.StandardJMeterEngine: Thread will continue on error
2020-12-19 16:11:43,177 INFO o.a.j.t.ThreadGroup: Starting thread group... number=4 threads=1 ramp-up=1 delayedStart=false
2020-12-19 16:11:43,177 INFO o.a.j.t.JMeterThread: Thread started: webservice 2-1
2020-12-19 16:11:43,179 INFO o.a.j.t.ThreadGroup: Started thread group number 4
2020-12-19 16:11:43,179 INFO o.a.j.e.StandardJMeterEngine: All thread groups have been started
2020-12-19 16:11:43,179 INFO o.a.j.t.JMeterThread: Thread started: pagesevice_bsdiagram 3-1
2020-12-19 16:11:43,180 INFO o.a.j.t.JMeterThread: Thread started: pageservice 1-1
2020-12-19 16:11:43,181 INFO o.a.j.t.JMeterThread: Thread started: pageservice_reporPage 4-1
2020-12-19 16:11:43,185 INFO o.a.j.p.h.s.HTTPJavaImpl: Maximum connection retries = 0
2020-12-19 16:11:43,185 INFO o.a.j.s.SampleResult: Note: Sample TimeStamps are START times
2020-12-19 16:11:43,185 INFO o.a.j.s.SampleResult: sampleresult.default.encoding is set to UTF-8
2020-12-19 16:11:43,185 INFO o.a.j.s.SampleResult: sampleresult.useNanoTime=true
2020-12-19 16:11:43,185 INFO o.a.j.s.SampleResult: sampleresult.nanoThreadSleep=5000
2020-12-19 16:11:43,227 INFO o.a.j.p.h.c.HC4CookieHandler: Not storing invalid cookie: <rememberMe=deleteMe; Path=/; Max-Age=0; Expires=Fri, 18-Dec-2020 08:11:26 GMT> for URL http://10.200.9.183:8074/login.koala (Cookie name may not contain blanks)
2020-12-19 16:11:43,231 INFO o.a.j.p.h.s.HTTPHCAbstractImpl: Local host = LAPTOP-GL05NAQV
2020-12-19 16:11:43,235 INFO o.a.j.p.h.s.HTTPHC4Impl: HTTP request retry count = 0
2020-12-19 16:11:43,902 ERROR o.a.j.p.h.s.HTTPJavaImpl: readResponse: java.io.IOException: Server returned HTTP response code: 500 for URL: http://10.200.9.183:8074/BsBusinfo/pageSearchBusStateinfoJson.koala
2020-12-19 16:11:43,902 ERROR o.a.j.p.h.s.HTTPJavaImpl: Cause: java.io.IOException: Server returned HTTP response code: 500 for URL: http://10.200.9.183:8074/BsBusinfo/pageSearchBusStateinfoJson.koala
2020-12-19 16:11:43,902 INFO o.a.j.p.h.s.HTTPJavaImpl: Error Response Code: 500
2020-12-19 16:11:44,040 INFO o.a.j.t.JMeterThread: Thread is done: pagesevice_bsdiagram 3-1
2020-12-19 16:11:44,040 INFO o.a.j.t.JMeterThread: Thread finished: pagesevice_bsdiagram 3-1
2020-12-19 16:11:44,390 INFO o.a.j.t.JMeterThread: Thread is done: pageservice_reporPage 4-1
2020-12-19 16:11:44,390 INFO o.a.j.t.JMeterThread: Thread finished: pageservice_reporPage 4-1
2020-12-19 16:11:45,117 INFO o.a.j.t.JMeterThread: Thread is done: webservice 2-1
2020-12-19 16:11:45,117 INFO o.a.j.t.JMeterThread: Thread finished: webservice 2-1
2020-12-19 16:12:00,699 INFO o.a.j.r.Summariser: summary +    120 in 00:00:18 =    6.8/s Avg:   176 Min:     4 Max:  3757 Err:    60 (50.00%) Active: 1 Started: 4 Finished: 3
2020-12-19 16:26:00,223 INFO o.a.j.r.ResultCollector: Shutdown hook started
