==============================================================================
dispatchRobot                                                                 
==============================================================================
dispatchRobot.行车记录                                                        
==============================================================================
1、车辆手动进出站，验证路单状态 :: 用例结束后，浏览器停留在简图调...  | PASS |
------------------------------------------------------------------------------
2、简图-车辆-路单补录 :: 用例结果后，浏览器停留在“行车记录”菜单页面   | FAIL |
False != True
------------------------------------------------------------------------------
3、简图-行车记录-路单补录 :: 用例结束后，浏览器停留在行车记录菜单     | FAIL |
Element with locator 'xpath=//div[@class='selectEmpInfoGrid']/div/table/tbody/tr/td/div[@class='grid-body']/div[@class='grid-table-body']/table/tbody/tr/td' not found.
------------------------------------------------------------------------------
4、简图-快速补录 :: 用例结束后，浏览器停留在“行车记录菜单”            | FAIL |
ElementNotInteractableException: Message: element not interactable
  (Session info: chrome=85.0.4183.83)
------------------------------------------------------------------------------
5、行车记录-路单补录 :: 用例结束后，浏览器停留在“行车记录菜单”        | FAIL |
Element with locator 'xpath=//a[@href='#menuMark181']' not found.
------------------------------------------------------------------------------
6、行车记录主表与副表详情数值验证 :: 用例结束后，浏览器所处“行车记... | FAIL |
Element with locator 'xpath=//a[@href='#menuMark181']' not found.
------------------------------------------------------------------------------
test2                                                                 | PASS |
------------------------------------------------------------------------------
dispatchRobot.行车记录                                                | FAIL |
7 critical tests, 2 passed, 5 failed
7 tests total, 2 passed, 5 failed
==============================================================================
dispatchRobot                                                         | FAIL |
7 critical tests, 2 passed, 5 failed
7 tests total, 2 passed, 5 failed
==============================================================================
Output:  D:\Study\robotframework\testProject\pabot_results\1\output.xml
